AxiosError: Request failed with status code 404
    at settle (D:\Other-Project\AgcDashboard\node_modules\axios\dist\node\axios.cjs:1900:12)
    at IncomingMessage.handleStreamEnd (D:\Other-Project\AgcDashboard\node_modules\axios\dist\node\axios.cjs:2952:11)
    at IncomingMessage.emit (node:events:539:35)
    at endReadableNT (node:internal/streams/readable:1345:12)
    at processTicksAndRejections (node:internal/process/task_queues:83:21) {
  code: 'ERR_BAD_REQUEST',
  config: {
    transitional: {
      silentJSONParsing: true,
      forcedJSONParsing: true,
      clarifyTimeoutError: false
    },
    adapter: [ 'xhr', 'http' ],
    transformRequest: [ [Function: transformRequest] ],
    transformResponse: [ [Function: transformResponse] ],
    timeout: 0,
    xsrfCookieName: 'XSRF-TOKEN',
    xsrfHeaderName: 'X-XSRF-TOKEN',
    maxContentLength: -1,
    maxBodyLength: -1,
    env: { FormData: [Function], Blob: null },
    validateStatus: [Function: validateStatus],
    headers: AxiosHeaders {
      Accept: 'application/json, text/plain, */*',
      'User-Agent': 'axios/1.3.4',
      'Accept-Encoding': 'gzip, compress, deflate, br'
    },
    params: {
      chat_id: '1047449361',
      text: '>> NOTIFIKASI <<\nMonitoring Manga Start'
    },
    method: 'get',
    url: 'https://api.telegram.org/botundefined/sendMessage',
    data: undefined
  },
  request: <ref *1> ClientRequest {
    _events: [Object: null prototype] {
      abort: [Function (anonymous)],
      aborted: [Function (anonymous)],
      connect: [Function (anonymous)],
      error: [Function (anonymous)],
      socket: [Function (anonymous)],
      timeout: [Function (anonymous)],
      prefinish: [Function: requestOnPrefinish]
    },
    _eventsCount: 7,
    _maxListeners: undefined,
    outputData: [],
    outputSize: 0,
    writable: true,
    destroyed: false,
    _last: true,
    chunkedEncoding: false,
    shouldKeepAlive: false,
    maxRequestsOnConnectionReached: false,
    _defaultKeepAlive: true,
    useChunkedEncodingByDefault: false,
    sendDate: false,
    _removedConnection: false,
    _removedContLen: false,
    _removedTE: false,
    _contentLength: 0,
    _hasBody: true,
    _trailer: '',
    finished: true,
    _headerSent: true,
    _closed: false,
    socket: TLSSocket {
      _tlsOptions: [Object],
      _secureEstablished: true,
      _securePending: false,
      _newSessionPending: false,
      _controlReleased: true,
      secureConnecting: false,
      _SNICallback: null,
      servername: 'api.telegram.org',
      alpnProtocol: false,
      authorized: true,
      authorizationError: null,
      encrypted: true,
      _events: [Object: null prototype],
      _eventsCount: 10,
      connecting: false,
      _hadError: false,
      _parent: null,
      _host: 'api.telegram.org',
      _readableState: [ReadableState],
      _maxListeners: undefined,
      _writableState: [WritableState],
      allowHalfOpen: false,
      _sockname: null,
      _pendingData: null,
      _pendingEncoding: '',
      server: undefined,
      _server: null,
      ssl: [TLSWrap],
      _requestCert: true,
      _rejectUnauthorized: true,
      parser: null,
      _httpMessage: [Circular *1],
      [Symbol(res)]: [TLSWrap],
      [Symbol(verified)]: true,
      [Symbol(pendingSession)]: null,
      [Symbol(async_id_symbol)]: 929,
      [Symbol(kHandle)]: [TLSWrap],
      [Symbol(lastWriteQueueSize)]: 0,
      [Symbol(timeout)]: null,
      [Symbol(kBuffer)]: null,
      [Symbol(kBufferCb)]: null,
      [Symbol(kBufferGen)]: null,
      [Symbol(kCapture)]: false,
      [Symbol(kSetNoDelay)]: false,
      [Symbol(kSetKeepAlive)]: true,
      [Symbol(kSetKeepAliveInitialDelay)]: 60,
      [Symbol(kBytesRead)]: 0,
      [Symbol(kBytesWritten)]: 0,
      [Symbol(connect-options)]: [Object],
      [Symbol(RequestTimeout)]: undefined
    },
    _header: 'GET /botundefined/sendMessage?chat_id=1047449361&text=%3E%3E+NOTIFIKASI+%3C%3C%0AMonitoring+Manga+Start HTTP/1.1\r\n' +
      'Accept: application/json, text/plain, */*\r\n' +
      'User-Agent: axios/1.3.4\r\n' +
      'Accept-Encoding: gzip, compress, deflate, br\r\n' +
      'Host: api.telegram.org\r\n' +
      'Connection: close\r\n' +
      '\r\n',
    _keepAliveTimeout: 0,
    _onPendingData: [Function: nop],
    agent: Agent {
      _events: [Object: null prototype],
      _eventsCount: 2,
      _maxListeners: undefined,
      defaultPort: 443,
      protocol: 'https:',
      options: [Object: null prototype],
      requests: [Object: null prototype] {},
      sockets: [Object: null prototype],
      freeSockets: [Object: null prototype] {},
      keepAliveMsecs: 1000,
      keepAlive: false,
      maxSockets: Infinity,
      maxFreeSockets: 256,
      scheduling: 'lifo',
      maxTotalSockets: Infinity,
      totalSocketCount: 1,
      maxCachedSessions: 100,
      _sessionCache: [Object],
      [Symbol(kCapture)]: false
    },
    socketPath: undefined,
    method: 'GET',
    maxHeaderSize: undefined,
    insecureHTTPParser: undefined,
    path: '/botundefined/sendMessage?chat_id=1047449361&text=%3E%3E+NOTIFIKASI+%3C%3C%0AMonitoring+Manga+Start',
    _ended: true,
    res: IncomingMessage {
      _readableState: [ReadableState],
      _events: [Object: null prototype],
      _eventsCount: 4,
      _maxListeners: undefined,
      socket: [TLSSocket],
      httpVersionMajor: 1,
      httpVersionMinor: 1,
      httpVersion: '1.1',
      complete: true,
      rawHeaders: [Array],
      rawTrailers: [],
      aborted: false,
      upgrade: false,
      url: '',
      method: null,
      statusCode: 404,
      statusMessage: 'Not Found',
      client: [TLSSocket],
      _consuming: false,
      _dumped: false,
      req: [Circular *1],
      responseUrl: 'https://api.telegram.org/botundefined/sendMessage?chat_id=1047449361&text=%3E%3E+NOTIFIKASI+%3C%3C%0AMonitoring+Manga+Start',
      redirects: [],
      [Symbol(kCapture)]: false,
      [Symbol(kHeaders)]: [Object],
      [Symbol(kHeadersCount)]: 16,
      [Symbol(kTrailers)]: null,
      [Symbol(kTrailersCount)]: 0,
      [Symbol(RequestTimeout)]: undefined
    },
    aborted: false,
    timeoutCb: null,
    upgradeOrConnect: false,
    parser: null,
    maxHeadersCount: null,
    reusedSocket: false,
    host: 'api.telegram.org',
    protocol: 'https:',
    _redirectable: Writable {
      _writableState: [WritableState],
      _events: [Object: null prototype],
      _eventsCount: 3,
      _maxListeners: undefined,
      _options: [Object],
      _ended: true,
      _ending: true,
      _redirectCount: 0,
      _redirects: [],
      _requestBodyLength: 0,
      _requestBodyBuffers: [],
      _onNativeResponse: [Function (anonymous)],
      _currentRequest: [Circular *1],
      _currentUrl: 'https://api.telegram.org/botundefined/sendMessage?chat_id=1047449361&text=%3E%3E+NOTIFIKASI+%3C%3C%0AMonitoring+Manga+Start',
      [Symbol(kCapture)]: false
    },
    [Symbol(kCapture)]: false,
    [Symbol(kNeedDrain)]: false,
    [Symbol(corked)]: 0,
    [Symbol(kOutHeaders)]: [Object: null prototype] {
      accept: [Array],
      'user-agent': [Array],
      'accept-encoding': [Array],
      host: [Array]
    }
  },
  response: {
    status: 404,
    statusText: 'Not Found',
    headers: AxiosHeaders {
      server: 'nginx/1.18.0',
      date: 'Sun, 09 Apr 2023 05:00:01 GMT',
      'content-type': 'application/json',
      'content-length': '55',
      connection: 'close',
      'strict-transport-security': 'max-age=31536000; includeSubDomains; preload',
      'access-control-allow-origin': '*',
      'access-control-expose-headers': 'Content-Length,Content-Type,Date,Server,Connection'
    },
    config: {
      transitional: [Object],
      adapter: [Array],
      transformRequest: [Array],
      transformResponse: [Array],
      timeout: 0,
      xsrfCookieName: 'XSRF-TOKEN',
      xsrfHeaderName: 'X-XSRF-TOKEN',
      maxContentLength: -1,
      maxBodyLength: -1,
      env: [Object],
      validateStatus: [Function: validateStatus],
      headers: [AxiosHeaders],
      params: [Object],
      method: 'get',
      url: 'https://api.telegram.org/botundefined/sendMessage',
      data: undefined
    },
    request: <ref *1> ClientRequest {
      _events: [Object: null prototype],
      _eventsCount: 7,
      _maxListeners: undefined,
      outputData: [],
      outputSize: 0,
      writable: true,
      destroyed: false,
      _last: true,
      chunkedEncoding: false,
      shouldKeepAlive: false,
      maxRequestsOnConnectionReached: false,
      _defaultKeepAlive: true,
      useChunkedEncodingByDefault: false,
      sendDate: false,
      _removedConnection: false,
      _removedContLen: false,
      _removedTE: false,
      _contentLength: 0,
      _hasBody: true,
      _trailer: '',
      finished: true,
      _headerSent: true,
      _closed: false,
      socket: [TLSSocket],
      _header: 'GET /botundefined/sendMessage?chat_id=1047449361&text=%3E%3E+NOTIFIKASI+%3C%3C%0AMonitoring+Manga+Start HTTP/1.1\r\n' +
        'Accept: application/json, text/plain, */*\r\n' +
        'User-Agent: axios/1.3.4\r\n' +
        'Accept-Encoding: gzip, compress, deflate, br\r\n' +
        'Host: api.telegram.org\r\n' +
        'Connection: close\r\n' +
        '\r\n',
      _keepAliveTimeout: 0,
      _onPendingData: [Function: nop],
      agent: [Agent],
      socketPath: undefined,
      method: 'GET',
      maxHeaderSize: undefined,
      insecureHTTPParser: undefined,
      path: '/botundefined/sendMessage?chat_id=1047449361&text=%3E%3E+NOTIFIKASI+%3C%3C%0AMonitoring+Manga+Start',
      _ended: true,
      res: [IncomingMessage],
      aborted: false,
      timeoutCb: null,
      upgradeOrConnect: false,
      parser: null,
      maxHeadersCount: null,
      reusedSocket: false,
      host: 'api.telegram.org',
      protocol: 'https:',
      _redirectable: [Writable],
      [Symbol(kCapture)]: false,
      [Symbol(kNeedDrain)]: false,
      [Symbol(corked)]: 0,
      [Symbol(kOutHeaders)]: [Object: null prototype]
    },
    data: { ok: false, error_code: 404, description: 'Not Found' }
  }
}
